[debug] [2022-09-22T10:09:14.098Z] ----------------------------------------------------------------------
[debug] [2022-09-22T10:09:14.100Z] Command:       C:\Program Files\nodejs\node.exe C:\Users\Click\AppData\Roaming\npm\node_modules\firebase-tools\lib\bin\firebase.js deploy
[debug] [2022-09-22T10:09:14.101Z] CLI Version:   11.9.0
[debug] [2022-09-22T10:09:14.101Z] Platform:      win32
[debug] [2022-09-22T10:09:14.102Z] Node Version:  v16.14.0
[debug] [2022-09-22T10:09:14.103Z] Time:          Thu Sep 22 2022 13:09:14 GMT+0300 (Arabian Standard Time)
[debug] [2022-09-22T10:09:14.103Z] ----------------------------------------------------------------------
[debug] 
[debug] [2022-09-22T10:09:14.181Z] > command requires scopes: ["email","openid","https://www.googleapis.com/auth/cloudplatformprojects.readonly","https://www.googleapis.com/auth/firebase","https://www.googleapis.com/auth/cloud-platform"]
[debug] [2022-09-22T10:09:14.182Z] > authorizing via signed-in user (ibo141998@gmail.com)
[debug] [2022-09-22T10:09:14.182Z] [iam] checking project erbil-zoo for permissions ["firebase.projects.get","firebasehosting.sites.update"]
[debug] [2022-09-22T10:09:14.185Z] >>> [apiv2][query] POST https://cloudresourcemanager.googleapis.com/v1/projects/erbil-zoo:testIamPermissions [none]
[debug] [2022-09-22T10:09:14.185Z] >>> [apiv2][(partial)header] POST https://cloudresourcemanager.googleapis.com/v1/projects/erbil-zoo:testIamPermissions x-goog-quota-user=projects/erbil-zoo
[debug] [2022-09-22T10:09:14.185Z] >>> [apiv2][body] POST https://cloudresourcemanager.googleapis.com/v1/projects/erbil-zoo:testIamPermissions {"permissions":["firebase.projects.get","firebasehosting.sites.update"]}
[debug] [2022-09-22T10:09:15.228Z] <<< [apiv2][status] POST https://cloudresourcemanager.googleapis.com/v1/projects/erbil-zoo:testIamPermissions 200
[debug] [2022-09-22T10:09:15.228Z] <<< [apiv2][body] POST https://cloudresourcemanager.googleapis.com/v1/projects/erbil-zoo:testIamPermissions {"permissions":["firebase.projects.get","firebasehosting.sites.update"]}
[debug] [2022-09-22T10:09:15.229Z] >>> [apiv2][query] GET https://firebase.googleapis.com/v1beta1/projects/erbil-zoo [none]
[debug] [2022-09-22T10:09:15.781Z] <<< [apiv2][status] GET https://firebase.googleapis.com/v1beta1/projects/erbil-zoo 200
[debug] [2022-09-22T10:09:15.782Z] <<< [apiv2][body] GET https://firebase.googleapis.com/v1beta1/projects/erbil-zoo {"projectId":"erbil-zoo","projectNumber":"596357995288","displayName":"deployment","name":"projects/erbil-zoo","resources":{"hostingSite":"erbil-zoo","realtimeDatabaseInstance":"erbil-zoo-default-rtdb","storageBucket":"erbil-zoo.appspot.com","locationId":"asia-east2"},"state":"ACTIVE","etag":"1_e951938f-1706-44e1-8dcb-b4ee22dc699b"}
[info] 
[info] === Deploying to 'erbil-zoo'...
[info] 
[info] i  deploying hosting 
[debug] [2022-09-22T10:09:15.785Z] >>> [apiv2][query] GET https://firebase.googleapis.com/v1beta1/projects/erbil-zoo [none]
[debug] [2022-09-22T10:09:16.187Z] <<< [apiv2][status] GET https://firebase.googleapis.com/v1beta1/projects/erbil-zoo 200
[debug] [2022-09-22T10:09:16.187Z] <<< [apiv2][body] GET https://firebase.googleapis.com/v1beta1/projects/erbil-zoo {"projectId":"erbil-zoo","projectNumber":"596357995288","displayName":"deployment","name":"projects/erbil-zoo","resources":{"hostingSite":"erbil-zoo","realtimeDatabaseInstance":"erbil-zoo-default-rtdb","storageBucket":"erbil-zoo.appspot.com","locationId":"asia-east2"},"state":"ACTIVE","etag":"1_e951938f-1706-44e1-8dcb-b4ee22dc699b"}
[debug] [2022-09-22T10:09:16.189Z] >>> [apiv2][query] POST https://firebasehosting.googleapis.com/v1beta1/projects/596357995288/sites/erbil-zoo/versions [none]
[debug] [2022-09-22T10:09:16.190Z] >>> [apiv2][body] POST https://firebasehosting.googleapis.com/v1beta1/projects/596357995288/sites/erbil-zoo/versions {"config":{"rewrites":[{"glob":"**","path":"/index.html"}]},"labels":{"deployment-tool":"cli-firebase"}}
